2024-07-18 08:43:53,036 [INFO] Activator:176 - 


2024-07-18 08:43:53,056 [INFO] Activator:177 - !SESSION log4j initialized
2024-07-18 08:44:04,087 [INFO] LogOutputStream:77 - [STDOUT_REDIRECT] 
2024-07-18 08:44:07,009 [INFO] ApplicationProperties:184 - Using Application install path: C:\ST\STM32CubeIDE_1.14.1\STM32CubeIDE\plugins\com.st.stm32cube.common.mx_6.10.0.202311202037
2024-07-18 08:44:07,029 [INFO] DbMcusXml:78 - Set database path to: C:\ST\STM32CubeIDE_1.14.1\STM32CubeIDE\plugins\com.st.stm32cube.common.mx_6.10.0.202311202037\\db\/mcu/
2024-07-18 08:44:07,030 [INFO] ApiDb:274 - Set plugin database path to: C:\ST\STM32CubeIDE_1.14.1\STM32CubeIDE\plugins\com.st.stm32cube.common.mx_6.10.0.202311202037\\db\/plugins/boardmanager/
2024-07-18 08:44:07,032 [WARN] ApiDb:259 - Overriding images path with different value:  => C:\ST\STM32CubeIDE_1.14.1\STM32CubeIDE\plugins\com.st.stm32cube.common.mx_6.10.0.202311202037\\db\/plugins/mcufinder/images/
2024-07-18 08:44:07,047 [INFO] ApiDb:250 - Set database path to: C:\Users\ACER\.stmcufinder\plugins\mcufinder//mcu/
2024-07-18 08:44:07,048 [INFO] DbMcusAds:125 - Set database path to: C:\Users\ACER\.stmcufinder\plugins\mcufinder//mcu/
2024-07-18 08:44:07,050 [INFO] CrossReferenceDbSqlite:203 - Set database path to: C:\Users\ACER\.stmcufinder\plugins\mcufinder//mcu/cs/
2024-07-18 08:44:07,219 [INFO] RulesReader:64 - Compatibility file has been processed (297 Rules)
2024-07-18 08:44:07,332 [INFO] DbMcusXml:78 - Set database path to: C:\ST\STM32CubeIDE_1.14.1\STM32CubeIDE\plugins\com.st.stm32cube.common.mx_6.10.0.202311202037\\db\/mcu/
2024-07-18 08:44:07,332 [INFO] ApiDb:274 - Set plugin database path to: C:\ST\STM32CubeIDE_1.14.1\STM32CubeIDE\plugins\com.st.stm32cube.common.mx_6.10.0.202311202037\\db\/plugins/boardmanager/
2024-07-18 08:44:07,332 [INFO] ApiDb:261 - Set plugin images path to: C:\ST\STM32CubeIDE_1.14.1\STM32CubeIDE\plugins\com.st.stm32cube.common.mx_6.10.0.202311202037\\db\/plugins/mcufinder/images/
2024-07-18 08:44:07,332 [WARN] DbFile:41 - Overriding database path with different value: C:\Users\ACER\.stmcufinder\plugins\mcufinder/ => C:\Users\ACER\.stmcufinder\plugins\mcufinder
2024-07-18 08:44:07,332 [INFO] ApiDb:250 - Set database path to: C:\Users\ACER\.stmcufinder\plugins\mcufinder//mcu/
2024-07-18 08:44:07,332 [WARN] DbFile:41 - Overriding database path with different value: C:\Users\ACER\.stmcufinder\plugins\mcufinder/ => C:\Users\ACER\.stmcufinder\plugins\mcufinder
2024-07-18 08:44:07,333 [INFO] DbMcusAds:125 - Set database path to: C:\Users\ACER\.stmcufinder\plugins\mcufinder//mcu/
2024-07-18 08:44:07,333 [WARN] DbFile:41 - Overriding database path with different value: C:\Users\ACER\.stmcufinder\plugins\mcufinder/ => C:\Users\ACER\.stmcufinder\plugins\mcufinder
2024-07-18 08:44:07,333 [WARN] DbFile:41 - Overriding database path with different value: C:\Users\ACER\.stmcufinder\plugins\mcufinder/ => C:\Users\ACER\.stmcufinder\plugins\mcufinder
2024-07-18 08:44:07,333 [INFO] CrossReferenceDbSqlite:203 - Set database path to: C:\Users\ACER\.stmcufinder\plugins\mcufinder//mcu/cs/
2024-07-18 08:44:07,456 [INFO] MainPanel:264 - HeapMemory: 268435456
2024-07-18 08:44:07,581 [INFO] DbMcusXml:78 - Set database path to: C:\ST\STM32CubeIDE_1.14.1\STM32CubeIDE\plugins\com.st.stm32cube.common.mx_6.10.0.202311202037\\db\/mcu/
2024-07-18 08:44:07,581 [INFO] ApiDb:274 - Set plugin database path to: C:\ST\STM32CubeIDE_1.14.1\STM32CubeIDE\plugins\com.st.stm32cube.common.mx_6.10.0.202311202037\\db\/plugins/boardmanager/
2024-07-18 08:44:07,581 [INFO] ApiDb:261 - Set plugin images path to: C:\ST\STM32CubeIDE_1.14.1\STM32CubeIDE\plugins\com.st.stm32cube.common.mx_6.10.0.202311202037\\db\/plugins/mcufinder/images/
2024-07-18 08:44:07,581 [WARN] DbFile:41 - Overriding database path with different value: C:\Users\ACER\.stmcufinder\plugins\mcufinder/ => C:\Users\ACER\.stmcufinder\plugins\mcufinder
2024-07-18 08:44:07,581 [INFO] ApiDb:250 - Set database path to: C:\Users\ACER\.stmcufinder\plugins\mcufinder//mcu/
2024-07-18 08:44:07,583 [WARN] DbFile:41 - Overriding database path with different value: C:\Users\ACER\.stmcufinder\plugins\mcufinder/ => C:\Users\ACER\.stmcufinder\plugins\mcufinder
2024-07-18 08:44:07,584 [INFO] DbMcusAds:125 - Set database path to: C:\Users\ACER\.stmcufinder\plugins\mcufinder//mcu/
2024-07-18 08:44:07,584 [WARN] DbFile:41 - Overriding database path with different value: C:\Users\ACER\.stmcufinder\plugins\mcufinder/ => C:\Users\ACER\.stmcufinder\plugins\mcufinder
2024-07-18 08:44:07,584 [WARN] DbFile:41 - Overriding database path with different value: C:\Users\ACER\.stmcufinder\plugins\mcufinder/ => C:\Users\ACER\.stmcufinder\plugins\mcufinder
2024-07-18 08:44:07,584 [INFO] CrossReferenceDbSqlite:203 - Set database path to: C:\Users\ACER\.stmcufinder\plugins\mcufinder//mcu/cs/
2024-07-18 08:44:07,604 [INFO] ApplicationProperties:184 - Using Application install path: C:\ST\STM32CubeIDE_1.14.1\STM32CubeIDE\plugins\com.st.stm32cube.common.mx_6.10.0.202311202037
2024-07-18 08:44:07,608 [INFO] PluginManage:196 - Search for loadable plugins [exclusion list=, ]
2024-07-18 08:44:07,617 [INFO] PluginManage:310 - Check plugin analytics
2024-07-18 08:44:07,912 [INFO] AnalyticsPlugin:253 - Accepted Software Licenses: 
2024-07-18 08:44:07,913 [INFO] AnalyticsPlugin:255 - Accepted CMSIS Pack Licenses: 
2024-07-18 08:44:07,913 [INFO] AnalyticsPlugin:257 - Accepted Firmware Licenses: 
2024-07-18 08:44:07,919 [INFO] PluginManage:359 - Loaded plugin analytics (category:tool,tabindex:-1)
2024-07-18 08:44:07,920 [INFO] PluginManage:310 - Check plugin cadmodel
2024-07-18 08:44:07,954 [INFO] CADModel:105 - Init CAD model plugin
2024-07-18 08:44:07,954 [INFO] PluginManage:359 - Loaded plugin cadmodel (category:power,tabindex:5)
2024-07-18 08:44:07,954 [INFO] PluginManage:310 - Check plugin clock
2024-07-18 08:44:07,988 [INFO] PluginManage:359 - Loaded plugin clock (category:base,tabindex:2)
2024-07-18 08:44:07,988 [INFO] PluginManage:310 - Check plugin ddr
2024-07-18 08:44:07,999 [INFO] PluginManage:359 - Loaded plugin ddr (category:tool,tabindex:6)
2024-07-18 08:44:07,999 [INFO] PluginManage:310 - Check plugin filemanager
2024-07-18 08:44:08,217 [INFO] PluginManage:359 - Loaded plugin filemanager (category:base,tabindex:10)
2024-07-18 08:44:08,218 [INFO] PluginManage:310 - Check plugin ipmanager
2024-07-18 08:44:08,226 [INFO] PluginManage:359 - Loaded plugin ipmanager (category:base,tabindex:5)
2024-07-18 08:44:08,226 [INFO] PluginManage:310 - Check plugin lpbam
2024-07-18 08:44:08,254 [INFO] PluginManage:359 - Loaded plugin lpbam (category:base,tabindex:0)
2024-07-18 08:44:08,254 [INFO] PluginManage:310 - Check plugin memorymap
2024-07-18 08:44:08,287 [INFO] PluginManage:359 - Loaded plugin memorymap (category:base,tabindex:4)
2024-07-18 08:44:08,288 [INFO] PluginManage:310 - Check plugin pinoutandconfiguration
2024-07-18 08:44:08,313 [INFO] PluginManage:359 - Loaded plugin pinoutandconfiguration (category:base,tabindex:1)
2024-07-18 08:44:08,314 [INFO] PluginManage:310 - Check plugin pinoutconfig
2024-07-18 08:44:08,462 [WARN] SupportedApi:132 - Cannot load RTOS API schema: s4s-elt-must-match.1: The content of 'definitions' must match (annotation?, (simpleType | complexType)?, (unique | key | keyref)*)). A problem was found starting at: attribute.
2024-07-18 08:44:08,653 [INFO] PluginManage:359 - Loaded plugin pinoutconfig (category:base,tabindex:0)
2024-07-18 08:44:08,653 [INFO] PluginManage:310 - Check plugin power
2024-07-18 08:44:08,689 [INFO] PluginManage:359 - Loaded plugin power (category:power,tabindex:4)
2024-07-18 08:44:08,689 [INFO] PluginManage:310 - Check plugin projectmanager
2024-07-18 08:44:08,717 [INFO] PluginManage:359 - Loaded plugin projectmanager (category:projectmanager,tabindex:3)
2024-07-18 08:44:08,718 [INFO] PluginManage:310 - Check plugin thirdparty
2024-07-18 08:44:09,197 [INFO] PluginManage:359 - Loaded plugin thirdparty (category:base,tabindex:-1)
2024-07-18 08:44:09,197 [WARN] IntegrityCheckThread:84 - waiting for thirdparty lock release [integrity check]
2024-07-18 08:44:09,198 [INFO] PluginManage:310 - Check plugin tools
2024-07-18 08:44:09,198 [INFO] IntegrityCheckThread:86 - entering critical section [integrity check]
2024-07-18 08:44:09,232 [INFO] ThirdPartyUpdaterWithRetryManager:70 - Updater plugin not ready yet. [1/15]
2024-07-18 08:44:09,267 [INFO] PluginManage:359 - Loaded plugin tools (category:base,tabindex:7)
2024-07-18 08:44:09,267 [INFO] PluginManage:310 - Check plugin tutovideos
2024-07-18 08:44:09,544 [INFO] PluginManage:359 - Loaded plugin tutovideos (category:base,tabindex:-1)
2024-07-18 08:44:09,544 [INFO] PluginManage:310 - Check plugin updater
2024-07-18 08:44:09,566 [INFO] PluginManage:359 - Loaded plugin updater (category:base,tabindex:12)
2024-07-18 08:44:09,566 [INFO] PluginManage:310 - Check plugin userauth
2024-07-18 08:44:09,574 [INFO] UserAuth:114 - Init User Auth plugin
2024-07-18 08:44:09,575 [INFO] PluginManage:359 - Loaded plugin userauth (category:base,tabindex:14)
2024-07-18 08:44:09,576 [INFO] PluginManage:283 - PluginManage : Loaded plugins [17]
2024-07-18 08:44:09,905 [INFO] PinOutPanel:1499 - setPackage(No Configuration,No Configuration)
2024-07-18 08:44:10,027 [INFO] CADModel:165 - CPN selected for project level
2024-07-18 08:44:10,028 [INFO] CADModel:114 - Register for checkConnection events
2024-07-18 08:44:10,071 [INFO] IPUIPlugin:80 - create IPUIPlugin
2024-07-18 08:44:10,071 [INFO] PluginManager:220 - loadIPPluginJar : add adc
2024-07-18 08:44:10,118 [INFO] IPUIPlugin:80 - create IPUIPlugin
2024-07-18 08:44:10,118 [INFO] PluginManager:220 - loadIPPluginJar : add aes
2024-07-18 08:44:10,189 [INFO] IPUIPlugin:80 - create IPUIPlugin
2024-07-18 08:44:10,190 [INFO] PluginManager:220 - loadIPPluginJar : add can
2024-07-18 08:44:10,224 [INFO] IPUIPlugin:80 - create IPUIPlugin
2024-07-18 08:44:10,224 [INFO] PluginManager:220 - loadIPPluginJar : add comp
2024-07-18 08:44:10,267 [INFO] IPUIPlugin:80 - create IPUIPlugin
2024-07-18 08:44:10,267 [INFO] PluginManager:220 - loadIPPluginJar : add cryp
2024-07-18 08:44:10,307 [INFO] IPUIPlugin:80 - create IPUIPlugin
2024-07-18 08:44:10,307 [INFO] PluginManager:220 - loadIPPluginJar : add dfsdm
2024-07-18 08:44:10,324 [INFO] IPUIPlugin:80 - create IPUIPlugin
2024-07-18 08:44:10,324 [INFO] PluginManager:220 - loadIPPluginJar : add dma
2024-07-18 08:44:10,385 [INFO] IPUIPlugin:80 - create IPUIPlugin
2024-07-18 08:44:10,385 [INFO] PluginManager:220 - loadIPPluginJar : add dma3
2024-07-18 08:44:10,416 [INFO] IPUIPlugin:80 - create IPUIPlugin
2024-07-18 08:44:10,417 [INFO] PluginManager:220 - loadIPPluginJar : add fatfs
2024-07-18 08:44:10,482 [INFO] IPUIPlugin:80 - create IPUIPlugin
2024-07-18 08:44:10,482 [INFO] PluginManager:220 - loadIPPluginJar : add fmc
2024-07-18 08:44:10,500 [INFO] IPUIPlugin:80 - create IPUIPlugin
2024-07-18 08:44:10,501 [INFO] PluginManager:220 - loadIPPluginJar : add freertos
2024-07-18 08:44:10,530 [INFO] IPUIPlugin:80 - create IPUIPlugin
2024-07-18 08:44:10,530 [INFO] PluginManager:220 - loadIPPluginJar : add genericplugin
2024-07-18 08:44:10,655 [INFO] IPUIPlugin:80 - create IPUIPlugin
2024-07-18 08:44:10,655 [INFO] PluginManager:220 - loadIPPluginJar : add gfxmmu
2024-07-18 08:44:10,827 [INFO] IPUIPlugin:80 - create IPUIPlugin
2024-07-18 08:44:10,827 [INFO] PluginManager:220 - loadIPPluginJar : add gic
2024-07-18 08:44:10,845 [INFO] IPUIPlugin:80 - create IPUIPlugin
2024-07-18 08:44:10,845 [INFO] PluginManager:220 - loadIPPluginJar : add gpio
2024-07-18 08:44:10,955 [INFO] IPUIPlugin:80 - create IPUIPlugin
2024-07-18 08:44:10,956 [INFO] PluginManager:220 - loadIPPluginJar : add gtzc
2024-07-18 08:44:11,004 [INFO] IPUIPlugin:80 - create IPUIPlugin
2024-07-18 08:44:11,004 [INFO] PluginManager:220 - loadIPPluginJar : add hash
2024-07-18 08:44:11,077 [INFO] IPUIPlugin:80 - create IPUIPlugin
2024-07-18 08:44:11,077 [INFO] PluginManager:220 - loadIPPluginJar : add i2c
2024-07-18 08:44:11,132 [INFO] IPUIPlugin:80 - create IPUIPlugin
2024-07-18 08:44:11,132 [INFO] PluginManager:220 - loadIPPluginJar : add i2s
2024-07-18 08:44:11,185 [INFO] IPUIPlugin:80 - create IPUIPlugin
2024-07-18 08:44:11,186 [INFO] PluginManager:220 - loadIPPluginJar : add i3c
2024-07-18 08:44:11,316 [INFO] IPUIPlugin:80 - create IPUIPlugin
2024-07-18 08:44:11,316 [INFO] PluginManager:220 - loadIPPluginJar : add ipddr
2024-07-18 08:44:11,451 [INFO] IPUIPlugin:80 - create IPUIPlugin
2024-07-18 08:44:11,451 [INFO] PluginManager:220 - loadIPPluginJar : add linkedlist
2024-07-18 08:44:11,506 [INFO] IPUIPlugin:80 - create IPUIPlugin
2024-07-18 08:44:11,506 [INFO] PluginManager:220 - loadIPPluginJar : add lorawan
2024-07-18 08:44:11,553 [INFO] IPUIPlugin:80 - create IPUIPlugin
2024-07-18 08:44:11,553 [INFO] PluginManager:220 - loadIPPluginJar : add ltdc
2024-07-18 08:44:11,575 [INFO] IPUIPlugin:80 - create IPUIPlugin
2024-07-18 08:44:11,575 [INFO] PluginManager:220 - loadIPPluginJar : add mdma
2024-07-18 08:44:11,589 [INFO] IPUIPlugin:80 - create IPUIPlugin
2024-07-18 08:44:11,589 [INFO] PluginManager:220 - loadIPPluginJar : add nvic
2024-07-18 08:44:11,634 [INFO] IPUIPlugin:80 - create IPUIPlugin
2024-07-18 08:44:11,634 [INFO] PluginManager:220 - loadIPPluginJar : add opamp
2024-07-18 08:44:11,714 [INFO] IPUIPlugin:80 - create IPUIPlugin
2024-07-18 08:44:11,714 [INFO] PluginManager:220 - loadIPPluginJar : add openamp
2024-07-18 08:44:11,774 [INFO] IPUIPlugin:80 - create IPUIPlugin
2024-07-18 08:44:11,774 [INFO] PluginManager:220 - loadIPPluginJar : add pdm2pcm
2024-07-18 08:44:11,790 [INFO] IPUIPlugin:80 - create IPUIPlugin
2024-07-18 08:44:11,792 [INFO] PluginManager:220 - loadIPPluginJar : add plateformsettings
2024-07-18 08:44:11,818 [INFO] IPUIPlugin:80 - create IPUIPlugin
2024-07-18 08:44:11,818 [INFO] PluginManager:220 - loadIPPluginJar : add quadspi
2024-07-18 08:44:11,833 [INFO] IPUIPlugin:80 - create IPUIPlugin
2024-07-18 08:44:11,833 [INFO] PluginManager:220 - loadIPPluginJar : add resmgrutility
2024-07-18 08:44:11,899 [INFO] IPUIPlugin:80 - create IPUIPlugin
2024-07-18 08:44:11,899 [INFO] PluginManager:220 - loadIPPluginJar : add sai
2024-07-18 08:44:11,954 [INFO] IPUIPlugin:80 - create IPUIPlugin
2024-07-18 08:44:11,955 [INFO] PluginManager:220 - loadIPPluginJar : add spi
2024-07-18 08:44:12,053 [INFO] IPUIPlugin:80 - create IPUIPlugin
2024-07-18 08:44:12,053 [INFO] PluginManager:220 - loadIPPluginJar : add stm32_wpan
2024-07-18 08:44:12,085 [INFO] IPUIPlugin:80 - create IPUIPlugin
2024-07-18 08:44:12,085 [INFO] PluginManager:220 - loadIPPluginJar : add tim
2024-07-18 08:44:12,150 [INFO] IPUIPlugin:80 - create IPUIPlugin
2024-07-18 08:44:12,150 [INFO] PluginManager:220 - loadIPPluginJar : add touchsensing
2024-07-18 08:44:12,175 [INFO] IPUIPlugin:80 - create IPUIPlugin
2024-07-18 08:44:12,175 [INFO] PluginManager:220 - loadIPPluginJar : add tracer_emb
2024-07-18 08:44:12,203 [INFO] IPUIPlugin:80 - create IPUIPlugin
2024-07-18 08:44:12,203 [INFO] PluginManager:220 - loadIPPluginJar : add ts
2024-07-18 08:44:12,232 [INFO] IPUIPlugin:80 - create IPUIPlugin
2024-07-18 08:44:12,232 [INFO] PluginManager:220 - loadIPPluginJar : add tsc
2024-07-18 08:44:12,234 [INFO] ThirdPartyUpdaterWithRetryManager:70 - Updater plugin not ready yet. [2/15]
2024-07-18 08:44:12,262 [INFO] IPUIPlugin:80 - create IPUIPlugin
2024-07-18 08:44:12,262 [INFO] PluginManager:220 - loadIPPluginJar : add ucpd
2024-07-18 08:44:12,325 [INFO] IPUIPlugin:80 - create IPUIPlugin
2024-07-18 08:44:12,325 [INFO] PluginManager:220 - loadIPPluginJar : add usart
2024-07-18 08:44:12,393 [INFO] IPUIPlugin:80 - create IPUIPlugin
2024-07-18 08:44:12,393 [INFO] PluginManager:220 - loadIPPluginJar : add usbx
2024-07-18 08:44:12,557 [INFO] CADModel:165 - CPN selected for project level
2024-07-18 08:44:12,557 [INFO] CADModel:114 - Register for checkConnection events
2024-07-18 08:44:12,557 [FATAL] Updater:308 - Updater called before beeing initialized
2024-07-18 08:44:12,557 [ERROR] CADModel:125 - Updater not yet initialized, retry later 
2024-07-18 08:44:12,786 [INFO] CADModel:165 - CPN selected for project level
2024-07-18 08:44:12,787 [INFO] CADModel:114 - Register for checkConnection events
2024-07-18 08:44:12,787 [FATAL] Updater:308 - Updater called before beeing initialized
2024-07-18 08:44:12,788 [ERROR] CADModel:125 - Updater not yet initialized, retry later 
2024-07-18 08:44:12,791 [FATAL] Updater:308 - Updater called before beeing initialized
2024-07-18 08:44:13,062 [FATAL] Updater:308 - Updater called before beeing initialized
2024-07-18 08:44:13,083 [INFO] DbMcusAds:53 - JSON generation date=Thu May 16 14:52:00 IST 2024 (1715851320667)
2024-07-18 08:44:13,083 [FATAL] Updater:308 - Updater called before beeing initialized
2024-07-18 08:44:13,209 [WARN] DetailPanel:346 - Failed to get advertising image, set to default
2024-07-18 08:44:13,325 [FATAL] Updater:308 - Updater called before beeing initialized
2024-07-18 08:44:13,336 [FATAL] Updater:308 - Updater called before beeing initialized
2024-07-18 08:44:13,337 [FATAL] Updater:308 - Updater called before beeing initialized
2024-07-18 08:44:13,337 [WARN] DetailPanel:346 - Failed to get advertising image, set to default
2024-07-18 08:44:13,338 [FATAL] Updater:308 - Updater called before beeing initialized
2024-07-18 08:44:13,429 [ERROR] Updater:1120 - MainUpdater not yet initialized. External WinMGr cannot be set.
2024-07-18 08:44:13,451 [INFO] Updater:1056 - Updater Version found : 6.10.0
2024-07-18 08:44:13,482 [INFO] ApplicationProperties:184 - Using Application install path: C:\ST\STM32CubeIDE_1.14.1\STM32CubeIDE\plugins\com.st.stm32cube.common.mx_6.10.0.202311202037
2024-07-18 08:44:15,129 [ERROR] LogOutputStream:75 - [STDERR_REDIRECT] Jul 18, 2024 8:44:15 AM java.util.prefs.WindowsPreferences <init>
2024-07-18 08:44:15,135 [ERROR] LogOutputStream:75 - [STDERR_REDIRECT] WARNING: Could not open/create prefs root node Software\JavaSoft\Prefs at root 0xffffffff80000002. Windows RegCreateKeyEx(...) returned error code 5.
2024-07-18 08:44:15,135 [ERROR] LogOutputStream:75 - [STDERR_REDIRECT] 
2024-07-18 08:44:15,240 [INFO] ThirdPartyUpdaterWithRetryManager:70 - Updater plugin not ready yet. [3/15]
2024-07-18 08:44:16,819 [INFO] MainUpdater:2873 - connection check result : 10
2024-07-18 08:44:16,819 [INFO] MainUpdater:3567 - Updater definition file requires update
2024-07-18 08:44:16,820 [INFO] MainUpdater:290 - Updater Check For Update Now.
2024-07-18 08:44:16,821 [INFO] MicroXplorer:498 - Change Database Version : DB.6.0.100
2024-07-18 08:44:16,839 [INFO] McuFinderGlobals:63 - Set McuFinder mode to 2 (CubeIDE integrated)
2024-07-18 08:44:16,857 [INFO] UserAuth:404 - Internet connection configuration mode: 1
2024-07-18 08:44:16,887 [INFO] JxBrowserEngine:152 - Initiate JxBrowser Engine with user profile folder
2024-07-18 08:44:17,957 [INFO] ServerAccessManage:473 - Download File updaters.zip
2024-07-18 08:44:18,257 [WARN] MainUpdater:1194 - Updater busy. Cannot search thirdparties
2024-07-18 08:44:18,261 [INFO] ThirdPartyUpdaterWithRetryManager:96 - Updater plugin is busy. [1/15]
2024-07-18 08:44:18,908 [INFO] FileExtend:240 - Unzip File : updaters.zip
2024-07-18 08:44:18,909 [INFO] FileExtend:255 - Standard Zip Deflate
2024-07-18 08:44:21,034 [INFO] ServerAccessManage:473 - Download File PacksControlFlags.xml
2024-07-18 08:44:21,346 [WARN] MainUpdater:1194 - Updater busy. Cannot search thirdparties
2024-07-18 08:44:21,347 [INFO] ThirdPartyUpdaterWithRetryManager:96 - Updater plugin is busy. [2/15]
2024-07-18 08:44:21,619 [INFO] ServerAccessManage:473 - Download File cubemx.pidx
2024-07-18 08:44:22,877 [INFO] LoadServerUpdatesThread:375 - End of LoadServerUpdate Thread
2024-07-18 08:44:23,078 [INFO] CheckServerUpdateThread:120 - End of CheckServer Thread
2024-07-18 08:44:25,003 [WARN] PackLoader:240 - Cannot read IP mode file for STMicroelectronics.FP-SNS-MOTENVWB1.1.4.0
2024-07-18 08:44:25,055 [WARN] PackLoader:240 - Cannot read IP mode file for STMicroelectronics.X-CUBE-SMBUS.2.1.0
2024-07-18 08:44:25,081 [WARN] PackLoader:240 - Cannot read IP mode file for STMicroelectronics.X-CUBE-TOUCHGFX.4.23.0
2024-07-18 08:44:25,118 [WARN] PackLoader:240 - Cannot read IP mode file for STMicroelectronics.X-CUBE-TOUCHGFX.4.23.2
2024-07-18 08:44:25,281 [WARN] PackLoader:240 - Cannot read IP mode file for STMicroelectronics.X-CUBE-AZRTOS-F7.1.1.0
2024-07-18 08:44:25,338 [WARN] PackLoader:240 - Cannot read IP mode file for STMicroelectronics.FP-SNS-MOTENV1.4.3.2
2024-07-18 08:44:25,402 [WARN] PackLoader:240 - Cannot read IP mode file for STMicroelectronics.X-CUBE-BLE1.6.2.4
2024-07-18 08:44:25,864 [WARN] PackLoader:240 - Cannot read IP mode file for STMicroelectronics.X-CUBE-DISPLAY.3.0.0
2024-07-18 08:44:25,891 [WARN] PackLoader:240 - Cannot read IP mode file for STMicroelectronics.X-CUBE-BLE1.7.0.0
2024-07-18 08:44:25,915 [WARN] PackLoader:240 - Cannot read IP mode file for emotas.I-CUBE-CANOPEN.1.3.0
2024-07-18 08:44:25,942 [WARN] PackLoader:240 - Cannot read IP mode file for STMicroelectronics.X-CUBE-TOUCHGFX.4.22.0
2024-07-18 08:44:25,988 [WARN] PackLoader:240 - Cannot read IP mode file for STMicroelectronics.X-CUBE-BLEMGR.3.1.0
2024-07-18 08:44:26,159 [INFO] LogOutputStream:77 - [STDOUT_REDIRECT] 1 : Invalid condition id : UX_CORESTACK_Condition cause : null
2024-07-18 08:44:26,161 [INFO] LogOutputStream:77 - [STDOUT_REDIRECT] 1 : Invalid condition id : UX_CORESTACK_Condition cause : null
2024-07-18 08:44:26,165 [INFO] LogOutputStream:77 - [STDOUT_REDIRECT] 1 : Invalid condition id : UX_CORESTACK_Condition cause : null
2024-07-18 08:44:26,167 [INFO] LogOutputStream:77 - [STDOUT_REDIRECT] 1 : Invalid condition id : UX_CORESTACK_Condition cause : null
2024-07-18 08:44:26,169 [INFO] LogOutputStream:77 - [STDOUT_REDIRECT] 1 : Invalid condition id : UX_CORESTACK_Condition cause : null
2024-07-18 08:44:26,202 [WARN] PackLoader:240 - Cannot read IP mode file for STMicroelectronics.X-CUBE-AZRTOS-WL.2.0.0
2024-07-18 08:44:26,289 [WARN] PackLoader:240 - Cannot read IP mode file for STMicroelectronics.FP-SNS-MOTENV1.5.0.0
2024-07-18 08:44:26,330 [WARN] PackLoader:240 - Cannot read IP mode file for wolfSSL.I-CUBE-wolfMQTT.1.19.0
2024-07-18 08:44:26,367 [WARN] PackLoader:240 - Cannot read IP mode file for WES.I-CUBE-Cesium.1.3.0
2024-07-18 08:44:26,397 [WARN] PackLoader:240 - Cannot read IP mode file for STMicroelectronics.X-CUBE-BLE2.3.3.0
2024-07-18 08:44:26,426 [WARN] PackLoader:240 - Cannot read IP mode file for STMicroelectronics.X-CUBE-TCPP.4.1.0
2024-07-18 08:44:26,471 [WARN] PackLoader:240 - Cannot read IP mode file for STMicroelectronics.X-CUBE-ALGOBUILD.1.3.0
2024-07-18 08:44:26,550 [WARN] PackLoader:240 - Cannot read IP mode file for STMicroelectronics.X-CUBE-AZRTOS-G0.1.1.0
2024-07-18 08:44:26,600 [WARN] PackLoader:240 - Cannot read IP mode file for STMicroelectronics.X-CUBE-SAFEA1.1.2.2
2024-07-18 08:44:26,638 [WARN] PackLoader:240 - Cannot read IP mode file for STMicroelectronics.X-CUBE-NFC4.3.0.0
2024-07-18 08:44:26,644 [INFO] WebApp:161 - Instantiating new browser for Auth
2024-07-18 08:44:26,699 [WARN] PackLoader:240 - Cannot read IP mode file for wolfSSL.I-CUBE-wolfMQTT.1.18.0
2024-07-18 08:44:26,818 [WARN] PackLoader:240 - Cannot read IP mode file for EmbeddedOffice.I-CUBE-FS-RTOS.1.0.1
2024-07-18 08:44:26,819 [ERROR] ConditionMgr:805 - Attr not supported : Dmpu
2024-07-18 08:44:26,819 [ERROR] ConditionMgr:805 - Attr not supported : Dmpu
2024-07-18 08:44:26,820 [ERROR] ConditionMgr:805 - Attr not supported : Dmpu
2024-07-18 08:44:26,820 [ERROR] ConditionMgr:805 - Attr not supported : Dmpu
2024-07-18 08:44:26,820 [ERROR] ConditionMgr:805 - Attr not supported : Dmpu
2024-07-18 08:44:26,820 [ERROR] ConditionMgr:805 - Attr not supported : Dmpu
2024-07-18 08:44:26,820 [ERROR] ConditionMgr:805 - Attr not supported : Dmpu
2024-07-18 08:44:26,821 [ERROR] ConditionMgr:805 - Attr not supported : Dmpu
2024-07-18 08:44:26,821 [ERROR] ConditionMgr:805 - Attr not supported : Dmpu
2024-07-18 08:44:26,821 [ERROR] ConditionMgr:805 - Attr not supported : Dmpu
2024-07-18 08:44:26,821 [ERROR] ConditionMgr:805 - Attr not supported : Dmpu
2024-07-18 08:44:26,821 [ERROR] ConditionMgr:805 - Attr not supported : Dmpu
2024-07-18 08:44:26,822 [ERROR] ConditionMgr:805 - Attr not supported : Dmpu
2024-07-18 08:44:26,822 [ERROR] ConditionMgr:805 - Attr not supported : Dmpu
2024-07-18 08:44:26,822 [ERROR] ConditionMgr:805 - Attr not supported : Dmpu
2024-07-18 08:44:26,823 [ERROR] ConditionMgr:805 - Attr not supported : Dmpu
2024-07-18 08:44:26,823 [ERROR] ConditionMgr:805 - Attr not supported : Dmpu
2024-07-18 08:44:26,823 [ERROR] ConditionMgr:805 - Attr not supported : Dmpu
2024-07-18 08:44:26,823 [ERROR] ConditionMgr:805 - Attr not supported : Dmpu
2024-07-18 08:44:26,823 [ERROR] ConditionMgr:805 - Attr not supported : Dmpu
2024-07-18 08:44:26,823 [ERROR] ConditionMgr:805 - Attr not supported : Dmpu
2024-07-18 08:44:26,824 [ERROR] ConditionMgr:805 - Attr not supported : Dmpu
2024-07-18 08:44:26,824 [ERROR] ConditionMgr:805 - Attr not supported : Dmpu
2024-07-18 08:44:26,831 [ERROR] ConditionMgr:805 - Attr not supported : Dmpu
2024-07-18 08:44:26,835 [ERROR] ConditionMgr:805 - Attr not supported : Dmpu
2024-07-18 08:44:26,836 [ERROR] ConditionMgr:805 - Attr not supported : Dmpu
2024-07-18 08:44:26,838 [ERROR] ConditionMgr:805 - Attr not supported : Dmpu
2024-07-18 08:44:26,838 [ERROR] ConditionMgr:805 - Attr not supported : Dmpu
2024-07-18 08:44:26,838 [ERROR] ConditionMgr:805 - Attr not supported : Dmpu
2024-07-18 08:44:26,838 [ERROR] ConditionMgr:805 - Attr not supported : Dmpu
2024-07-18 08:44:26,838 [ERROR] ConditionMgr:805 - Attr not supported : Dmpu
2024-07-18 08:44:26,838 [ERROR] ConditionMgr:805 - Attr not supported : Dmpu
2024-07-18 08:44:26,839 [ERROR] ConditionMgr:805 - Attr not supported : Dmpu
2024-07-18 08:44:26,840 [ERROR] ConditionMgr:805 - Attr not supported : Dmpu
2024-07-18 08:44:26,840 [ERROR] ConditionMgr:805 - Attr not supported : Dmpu
2024-07-18 08:44:26,840 [ERROR] ConditionMgr:805 - Attr not supported : Dmpu
2024-07-18 08:44:26,840 [ERROR] ConditionMgr:805 - Attr not supported : Dmpu
2024-07-18 08:44:26,840 [ERROR] ConditionMgr:805 - Attr not supported : Dmpu
2024-07-18 08:44:26,840 [ERROR] ConditionMgr:805 - Attr not supported : Dmpu
2024-07-18 08:44:26,840 [ERROR] ConditionMgr:805 - Attr not supported : Dmpu
2024-07-18 08:44:26,841 [ERROR] ConditionMgr:805 - Attr not supported : Dmpu
2024-07-18 08:44:26,841 [ERROR] ConditionMgr:805 - Attr not supported : Dmpu
2024-07-18 08:44:26,841 [ERROR] ConditionMgr:805 - Attr not supported : Dmpu
2024-07-18 08:44:26,841 [ERROR] ConditionMgr:805 - Attr not supported : Dmpu
2024-07-18 08:44:26,841 [ERROR] ConditionMgr:805 - Attr not supported : Dmpu
2024-07-18 08:44:26,841 [ERROR] ConditionMgr:805 - Attr not supported : Dmpu
2024-07-18 08:44:26,842 [ERROR] ConditionMgr:805 - Attr not supported : Dmpu
2024-07-18 08:44:26,842 [ERROR] ConditionMgr:805 - Attr not supported : Dmpu
2024-07-18 08:44:26,842 [ERROR] ConditionMgr:805 - Attr not supported : Dmpu
2024-07-18 08:44:26,842 [ERROR] ConditionMgr:805 - Attr not supported : Dmpu
2024-07-18 08:44:26,842 [ERROR] ConditionMgr:805 - Attr not supported : Dmpu
2024-07-18 08:44:26,842 [ERROR] ConditionMgr:805 - Attr not supported : Dmpu
2024-07-18 08:44:26,842 [ERROR] ConditionMgr:805 - Attr not supported : Dmpu
2024-07-18 08:44:26,842 [ERROR] ConditionMgr:805 - Attr not supported : Dmpu
2024-07-18 08:44:26,889 [ERROR] ConditionMgr:805 - Attr not supported : Dmpu
2024-07-18 08:44:26,891 [ERROR] ConditionMgr:805 - Attr not supported : Dmpu
2024-07-18 08:44:26,891 [ERROR] ConditionMgr:805 - Attr not supported : Dmpu
2024-07-18 08:44:26,892 [ERROR] ConditionMgr:805 - Attr not supported : Dmpu
2024-07-18 08:44:26,892 [ERROR] ConditionMgr:805 - Attr not supported : Dmpu
2024-07-18 08:44:26,892 [ERROR] ConditionMgr:805 - Attr not supported : Dmpu
2024-07-18 08:44:26,892 [ERROR] ConditionMgr:805 - Attr not supported : Dmpu
2024-07-18 08:44:26,892 [ERROR] ConditionMgr:805 - Attr not supported : Dmpu
2024-07-18 08:44:26,892 [ERROR] ConditionMgr:805 - Attr not supported : Dmpu
2024-07-18 08:44:26,893 [ERROR] ConditionMgr:805 - Attr not supported : Dmpu
2024-07-18 08:44:27,026 [WARN] PackLoader:240 - Cannot read IP mode file for STMicroelectronics.X-CUBE-BLEMGR.3.0.0
2024-07-18 08:44:27,092 [WARN] PackLoader:240 - Cannot read IP mode file for RealThread.X-CUBE-RT-Thread_Nano.4.1.1
2024-07-18 08:44:27,132 [WARN] PackLoader:240 - Cannot read IP mode file for STMicroelectronics.FP-ATR-SIGFOX1.3.2.0
2024-07-18 08:44:27,196 [WARN] PackLoader:240 - Cannot read IP mode file for STMicroelectronics.X-CUBE-EEPRMA1.5.1.0
2024-07-18 08:44:27,586 [WARN] PackLoader:240 - Cannot read IP mode file for SEGGER.I-CUBE-embOS.1.3.1
2024-07-18 08:44:27,769 [WARN] PackLoader:240 - Cannot read IP mode file for STMicroelectronics.X-CUBE-ALGOBUILD.1.4.0
2024-07-18 08:44:27,800 [WARN] PackLoader:240 - Cannot read IP mode file for STMicroelectronics.X-CUBE-GNSS1.6.0.0
2024-07-18 08:44:27,886 [WARN] PackLoader:240 - Cannot read IP mode file for STMicroelectronics.X-CUBE-AZRTOS-F4.1.1.0
2024-07-18 08:44:27,926 [WARN] PackLoader:240 - Cannot read IP mode file for STMicroelectronics.X-CUBE-FREERTOS.1.2.0
2024-07-18 08:44:28,019 [WARN] PackLoader:240 - Cannot read IP mode file for STMicroelectronics.X-CUBE-AZRTOS-L5.2.0.0
2024-07-18 08:44:28,158 [WARN] PackLoader:240 - Cannot read IP mode file for STMicroelectronics.X-CUBE-MEMS1.9.6.0
2024-07-18 08:44:28,840 [WARN] PackLoader:240 - Cannot read IP mode file for STMicroelectronics.X-CUBE-EEPRMA1.4.2.0
2024-07-18 08:44:28,905 [WARN] PackLoader:240 - Cannot read IP mode file for STMicroelectronics.X-CUBE-NFC6.3.1.0
2024-07-18 08:44:28,971 [WARN] PackLoader:240 - Cannot read IP mode file for STMicroelectronics.X-CUBE-BLEMGR.2.0.0
2024-07-18 08:44:29,025 [WARN] PackLoader:240 - Cannot read IP mode file for STMicroelectronics.X-CUBE-DPower.1.2.0
2024-07-18 08:44:29,064 [WARN] PackLoader:240 - Cannot read IP mode file for STMicroelectronics.X-CUBE-AI.9.0.0
2024-07-18 08:44:29,126 [WARN] ConditionMgr:438 - getConditionDescription Invalid condition id : UX DEVICE CLASS RTOS Condition cause : null
2024-07-18 08:44:29,128 [WARN] ConditionMgr:438 - getConditionDescription Invalid condition id : UX DEVICE CLASS RTOS Condition cause : null
2024-07-18 08:44:29,135 [WARN] PackLoader:240 - Cannot read IP mode file for STMicroelectronics.X-CUBE-AZRTOS-H7.3.1.0
2024-07-18 08:44:29,140 [WARN] ConditionMgr:1039 - genDependencies : Invalid condition id : UX DEVICE CLASS RTOS Condition cause : null
2024-07-18 08:44:29,142 [WARN] ConditionMgr:1039 - genDependencies : Invalid condition id : UX DEVICE CLASS RTOS Condition cause : null
2024-07-18 08:44:29,149 [WARN] ConditionMgr:1039 - genDependencies : Invalid condition id : UX DEVICE CLASS RTOS Condition cause : null
2024-07-18 08:44:29,182 [WARN] ConditionMgr:1039 - genDependencies : Invalid condition id : UX DEVICE CLASS RTOS Condition cause : null
2024-07-18 08:44:29,182 [WARN] ConditionMgr:1039 - genDependencies : Invalid condition id : UX DEVICE CLASS RTOS Condition cause : null
2024-07-18 08:44:29,259 [WARN] PackLoader:240 - Cannot read IP mode file for STMicroelectronics.X-CUBE-NFC7.1.0.1
2024-07-18 08:44:29,292 [WARN] PackLoader:240 - Cannot read IP mode file for wolfSSL.I-CUBE-wolfTPM.3.2.0
2024-07-18 08:44:29,341 [WARN] PackLoader:240 - Cannot read IP mode file for STMicroelectronics.X-CUBE-NFC6.3.0.0
2024-07-18 08:44:29,347 [INFO] WebApp:780 - Register for checkConnection events
2024-07-18 08:44:29,347 [INFO] WebApp:414 - Apply proxy settings
2024-07-18 08:44:29,348 [INFO] WebApp:499 - Chromium requires no authentication
2024-07-18 08:44:29,365 [INFO] WebApp:442 - Direct internet connection detected
2024-07-18 08:44:29,370 [WARN] PackLoader:240 - Cannot read IP mode file for STMicroelectronics.X-CUBE-EEPRMA1.4.1.0
2024-07-18 08:44:29,403 [WARN] PackLoader:240 - Cannot read IP mode file for STMicroelectronics.X-CUBE-AI.8.1.0
2024-07-18 08:44:29,500 [WARN] ConditionMgr:438 - getConditionDescription Invalid condition id : LAN8742 Phy interface Condition cause : null
2024-07-18 08:44:29,501 [WARN] PackLoader:240 - Cannot read IP mode file for STMicroelectronics.X-CUBE-AZRTOS-L4.2.0.0
2024-07-18 08:44:29,507 [WARN] ConditionMgr:1039 - genDependencies : Invalid condition id : LAN8742 Phy interface Condition cause : null
2024-07-18 08:44:29,509 [WARN] ConditionMgr:1039 - genDependencies : Invalid condition id : LAN8742 Phy interface Condition cause : null
2024-07-18 08:44:29,559 [WARN] ConditionMgr:1039 - genDependencies : Invalid condition id : LAN8742 Phy interface Condition cause : null
2024-07-18 08:44:29,611 [WARN] PackLoader:240 - Cannot read IP mode file for STMicroelectronics.X-CUBE-SFXS2LP1.4.0.0
2024-07-18 08:44:29,644 [WARN] PackLoader:240 - Cannot read IP mode file for STMicroelectronics.X-CUBE-ISPU.1.1.0
2024-07-18 08:44:29,710 [WARN] ConditionMgr:438 - getConditionDescription Invalid condition id : UX DEVICE CLASS RTOS Condition cause : null
2024-07-18 08:44:29,711 [WARN] ConditionMgr:438 - getConditionDescription Invalid condition id : UX DEVICE CLASS RTOS Condition cause : null
2024-07-18 08:44:29,714 [WARN] PackLoader:240 - Cannot read IP mode file for STMicroelectronics.X-CUBE-AZRTOS-WB.2.0.0
2024-07-18 08:44:29,716 [WARN] ConditionMgr:1039 - genDependencies : Invalid condition id : UX DEVICE CLASS RTOS Condition cause : null
2024-07-18 08:44:29,717 [WARN] ConditionMgr:1039 - genDependencies : Invalid condition id : UX DEVICE CLASS RTOS Condition cause : null
2024-07-18 08:44:29,718 [WARN] ConditionMgr:1039 - genDependencies : Invalid condition id : UX DEVICE CLASS RTOS Condition cause : null
2024-07-18 08:44:29,719 [WARN] ConditionMgr:1039 - genDependencies : Invalid condition id : UX DEVICE CLASS RTOS Condition cause : null
2024-07-18 08:44:29,719 [WARN] ConditionMgr:1039 - genDependencies : Invalid condition id : UX DEVICE CLASS RTOS Condition cause : null
2024-07-18 08:44:29,747 [WARN] PackLoader:240 - Cannot read IP mode file for STMicroelectronics.X-CUBE-FREERTOS.1.0.1
2024-07-18 08:44:29,813 [WARN] PackLoader:240 - Cannot read IP mode file for STMicroelectronics.X-CUBE-AZRTOS-L5.1.1.0
2024-07-18 08:44:29,860 [WARN] PackLoader:240 - Cannot read IP mode file for STMicroelectronics.X-CUBE-AI.8.0.1
2024-07-18 08:44:29,922 [WARN] PackLoader:240 - Cannot read IP mode file for STMicroelectronics.X-CUBE-SUBG2.5.0.0
2024-07-18 08:44:29,989 [WARN] PackLoader:240 - Cannot read IP mode file for STMicroelectronics.X-CUBE-TOF1.3.3.1
2024-07-18 08:44:30,013 [INFO] WebApp:192 - Starting web application
2024-07-18 08:44:30,014 [INFO] WebApp:544 - Web application path used C:\ST\STM32CubeIDE_1.14.1\STM32CubeIDE\plugins\com.st.stm32cube.common.mx_6.10.0.202311202037\db\plugins\mcufinder\reactClient1\index.html
2024-07-18 08:44:30,058 [WARN] PackLoader:240 - Cannot read IP mode file for STMicroelectronics.X-CUBE-AZRTOS-G4.2.0.0
2024-07-18 08:44:30,125 [WARN] PackLoader:240 - Cannot read IP mode file for Infineon.AIROC-Wi-Fi-Bluetooth-STM32.1.5.1
2024-07-18 08:44:30,188 [WARN] PackLoader:240 - Cannot read IP mode file for STMicroelectronics.FP-SNS-MOTENVWB1.1.3.1
2024-07-18 08:44:30,217 [WARN] PackLoader:240 - Cannot read IP mode file for STMicroelectronics.X-CUBE-ALS.1.0.2
2024-07-18 08:44:30,252 [WARN] PackLoader:240 - Cannot read IP mode file for STMicroelectronics.X-CUBE-FREERTOS.1.1.0
2024-07-18 08:44:30,282 [WARN] PackLoader:240 - Cannot read IP mode file for STMicroelectronics.X-CUBE-TOUCHGFX.4.24.0
2024-07-18 08:44:30,305 [WARN] PackLoader:240 - Cannot read IP mode file for portGmbH.I-Cube-SoM-uGOAL.1.1.0
2024-07-18 08:44:30,340 [WARN] PackLoader:240 - Cannot read IP mode file for STMicroelectronics.X-CUBE-ALS.1.0.1
2024-07-18 08:44:30,450 [WARN] PackLoader:240 - Cannot read IP mode file for STMicroelectronics.X-CUBE-AZRTOS-WB.1.1.0
2024-07-18 08:44:30,687 [WARN] PackLoader:240 - Cannot read IP mode file for STMicroelectronics.X-CUBE-AZRTOS-H7RS.1.0.0
2024-07-18 08:44:30,751 [WARN] PackLoader:240 - Cannot read IP mode file for STMicroelectronics.FP-ATR-ASTRA1.2.0.0
2024-07-18 08:44:30,822 [WARN] PackLoader:240 - Cannot read IP mode file for STMicroelectronics.X-CUBE-TOF1.3.4.0
2024-07-18 08:44:31,041 [WARN] PackLoader:240 - Cannot read IP mode file for STMicroelectronics.X-CUBE-TOF1.3.4.1
2024-07-18 08:44:31,121 [WARN] PackLoader:240 - Cannot read IP mode file for wolfSSL.I-CUBE-wolfSSH.1.4.17
2024-07-18 08:44:31,122 [INFO] ThirdParty:978 - Integrity check success = true
2024-07-18 08:44:31,122 [INFO] IntegrityCheckThread:100 - exiting critical section [integrity check]
2024-07-18 08:44:31,122 [INFO] IntegrityCheckThread:103 - End integrity checks thread
2024-07-18 08:44:56,555 [ERROR] LogOutputStream:75 - [STDERR_REDIRECT] SLF4J: Failed to load class "org.slf4j.impl.StaticLoggerBinder".
2024-07-18 08:44:56,564 [ERROR] LogOutputStream:75 - [STDERR_REDIRECT] SLF4J: Defaulting to no-operation (NOP) logger implementation
2024-07-18 08:44:56,568 [ERROR] LogOutputStream:75 - [STDERR_REDIRECT] SLF4J: See http://www.slf4j.org/codes.html#StaticLoggerBinder for further details.
2024-07-18 08:49:13,764 [INFO] McuFinderGlobals:63 - Set McuFinder mode to 2 (CubeIDE integrated)
2024-07-18 08:49:13,769 [INFO] MainUpdater:2873 - connection check result : 10
2024-07-18 08:49:13,770 [INFO] MainUpdater:2873 - connection check result : 10
2024-07-18 08:49:13,851 [INFO] MicroXplorer:468 - Change Database Path : 
2024-07-18 08:49:13,852 [INFO] MicroXplorer:498 - Change Database Version : DB.6.0.100
2024-07-18 08:49:13,862 [WARN] ThirdParty:871 - waiting for thirdparty lock release [close project]
2024-07-18 08:49:13,862 [INFO] ThirdParty:873 - entering critical section [close project]
2024-07-18 08:49:13,864 [INFO] ThirdParty:883 - exiting critical section [close project]
2024-07-18 08:49:13,867 [INFO] PinOutPanel:1499 - setPackage(No Configuration,No Configuration)
2024-07-18 08:49:13,873 [INFO] UtilMem:75 - Begin LoadConfig() Used Memory: 444194984 Bytes (775946240)
2024-07-18 08:49:13,875 [INFO] MicroXplorer:468 - Change Database Path : 
2024-07-18 08:49:13,875 [INFO] MicroXplorer:498 - Change Database Version : DB.6.0.100
2024-07-18 08:49:13,875 [INFO] OpenFileManager:312 - Change cursor
2024-07-18 08:49:13,954 [INFO] Mcu:2016 - Initializing MCU STM32F103C(8-B)Tx STM32F103C8Tx STM32F103C8T6
2024-07-18 08:49:18,792 [INFO] Context:659 - Trying to add GPIOservice into a context  which must be forbidden
2024-07-18 08:49:20,817 [INFO] RtosManager:555 - Registered RTOS mode: class=CMSIS, group=RTOS, mode=CMSIS_V1, owner=FREERTOS
2024-07-18 08:49:20,817 [INFO] RtosManager:555 - Registered RTOS mode: class=CMSIS, group=RTOS2, mode=CMSIS_V2, owner=FREERTOS
2024-07-18 08:49:20,817 [INFO] RtosManager:555 - Registered RTOS mode: class=RTOS, group=Core, mode=CMSIS_V1, owner=FREERTOS
2024-07-18 08:49:20,818 [INFO] RtosManager:555 - Registered RTOS mode: class=RTOS, group=Core, mode=CMSIS_V2, owner=FREERTOS
2024-07-18 08:49:20,818 [WARN] ModelIntegratedComponent:184 - Missing modes for component STMicroelectronics:FreeRTOS:0.0.1:STMicroelectronics:RTOS:FreeRTOS:Core:::10.2.0:
2024-07-18 08:49:20,850 [WARN] ModelIntegratedComponent:63 - No mode defined for component null
2024-07-18 08:49:20,851 [WARN] ModelIntegratedComponent:63 - No mode defined for component null
2024-07-18 08:49:20,851 [WARN] ModelIntegratedComponent:63 - No mode defined for component null
2024-07-18 08:49:20,851 [WARN] ModelIntegratedComponent:63 - No mode defined for component null
2024-07-18 08:49:20,851 [WARN] ModelIntegratedComponent:63 - No mode defined for component null
2024-07-18 08:49:20,851 [WARN] ModelIntegratedComponent:63 - No mode defined for component null
2024-07-18 08:49:20,851 [WARN] ModelIntegratedComponent:63 - No mode defined for component null
2024-07-18 08:49:20,851 [WARN] ModelIntegratedComponent:63 - No mode defined for component null
2024-07-18 08:49:20,852 [WARN] ModelIntegratedComponent:63 - No mode defined for component null
2024-07-18 08:49:20,852 [WARN] ModelIntegratedComponent:63 - No mode defined for component null
2024-07-18 08:49:20,852 [WARN] ModelIntegratedComponent:63 - No mode defined for component null
2024-07-18 08:49:20,852 [WARN] ModelIntegratedComponent:63 - No mode defined for component null
2024-07-18 08:49:20,852 [WARN] ModelIntegratedComponent:63 - No mode defined for component null
2024-07-18 08:49:20,852 [WARN] ModelIntegratedComponent:63 - No mode defined for component null
2024-07-18 08:49:20,852 [WARN] ModelIntegratedComponent:63 - No mode defined for component null
2024-07-18 08:49:20,852 [WARN] ModelIntegratedComponent:63 - No mode defined for component null
2024-07-18 08:49:20,852 [WARN] ModelIntegratedComponent:63 - No mode defined for component null
2024-07-18 08:49:20,852 [WARN] ModelIntegratedComponent:63 - No mode defined for component null
2024-07-18 08:49:20,852 [WARN] ModelIntegratedComponent:63 - No mode defined for component null
2024-07-18 08:49:20,853 [WARN] ModelIntegratedComponent:63 - No mode defined for component null
2024-07-18 08:49:20,853 [WARN] ModelIntegratedComponent:63 - No mode defined for component null
2024-07-18 08:49:20,853 [WARN] ModelIntegratedComponent:63 - No mode defined for component null
2024-07-18 08:49:20,853 [WARN] ModelIntegratedComponent:63 - No mode defined for component null
2024-07-18 08:49:20,853 [WARN] ModelIntegratedComponent:63 - No mode defined for component null
2024-07-18 08:49:20,853 [WARN] ModelIntegratedComponent:63 - No mode defined for component null
2024-07-18 08:49:20,853 [WARN] ModelIntegratedComponent:63 - No mode defined for component null
2024-07-18 08:49:20,853 [WARN] ModelIntegratedComponent:63 - No mode defined for component null
2024-07-18 08:49:20,853 [WARN] ModelIntegratedComponent:63 - No mode defined for component null
2024-07-18 08:49:20,854 [WARN] ModelIntegratedComponent:63 - No mode defined for component null
2024-07-18 08:49:20,859 [WARN] ModelIntegratedComponent:63 - No mode defined for component null
2024-07-18 08:49:20,861 [WARN] ModelIntegratedComponent:63 - No mode defined for component null
2024-07-18 08:49:20,861 [WARN] ModelIntegratedComponent:63 - No mode defined for component null
2024-07-18 08:49:20,862 [WARN] ModelIntegratedComponent:63 - No mode defined for component null
2024-07-18 08:49:21,053 [INFO] ThirdPartyModel:298 - Start build external matchings
2024-07-18 08:49:22,220 [INFO] ThirdPartyModel:316 - End build external matchings
2024-07-18 08:49:22,925 [INFO] UtilMem:75 - End LoadConfig() Used Memory: 586901208 Bytes (775946240)
2024-07-18 08:49:23,366 [INFO] ApiDb:581 - Connected to CubeFinder SQLite database (C:\Users\ACER\.stmcufinder\plugins\mcufinder\mcu\cube-finder-db.db)
2024-07-18 08:49:23,560 [INFO] ApiDb:668 - CubeFinder database Data Model version=2.1
2024-07-18 08:49:23,562 [INFO] ApiDb:669 - CubeFinder database Configuration version=3.0.39
2024-07-18 08:49:23,563 [INFO] ApiDb:670 - CubeFinder database generation date=2024-06-20 (1718880634)
2024-07-18 08:49:23,564 [INFO] ApiDb:671 - CubeFinder database FW Pack versions=[FP-ATR-ASTRA1_V2.0.0, FP-SNS-FLIGHT1_V5.0.2, FP-SNS-MOTENV1_V5.0.0, FP-SNS-MOTENVWB1_V1.4.0, FP-SNS-SMARTAG2_V1.2.0, STM32Cube_FW_C0_V1.2.0, STM32Cube_FW_F4_V1.28.0, STM32Cube_FW_F7_V1.17.2, STM32Cube_FW_G0_V1.6.2, STM32Cube_FW_G4_V1.6.0, STM32Cube_FW_H5_V1.3.0, STM32Cube_FW_H7RS_V1.1.0, STM32Cube_FW_H7_V1.11.2, STM32Cube_FW_L0_V1.12.2, STM32Cube_FW_L5_V1.5.1, STM32Cube_FW_U0_V1.1.0, STM32Cube_FW_U5_V1.6.0, STM32Cube_FW_WB0_V1.0.0, STM32Cube_FW_WBA_V1.4.0, STM32Cube_FW_WB_V1.20.0, STM32Cube_FW_WL_V1.3.0, X-CUBE-ALGOBUILD_V1.4.0, X-CUBE-ALS_V1.0.2, X-CUBE-AZRTOS-F4_V1.1.0, X-CUBE-AZRTOS-F7_V1.1.0, X-CUBE-AZRTOS-G0_V1.1.0, X-CUBE-AZRTOS-G4_V2.0.0, X-CUBE-AZRTOS-H7RS_V1.0.0, X-CUBE-AZRTOS-H7_V3.2.0, X-CUBE-AZRTOS-L4_V2.0.0, X-CUBE-AZRTOS-L5_V1.1.0, X-CUBE-AZRTOS-WB_V2.0.0, X-CUBE-AZRTOS-WL_V2.0.0, X-CUBE-BLE1_V7.0.0, X-CUBE-BLE2_V3.3.0, X-CUBE-BLEMGR_V3.1.0, X-CUBE-EEPRMA1_V5.1.0, X-CUBE-FREERTOS_V1.2.0, X-CUBE-GNSS1_V6.0.0, X-CUBE-MEMS1_V10.0.0, X-CUBE-NFC4_V3.0.0, X-CUBE-NFC7_V1.0.1, X-CUBE-SFXS2LP1_V4.0.0, X-CUBE-SUBG2_V5.0.0, X-CUBE-TOF1_V3.4.1]
2024-07-18 08:49:29,694 [INFO] ApiDb:240 - Found 371 in-development CPN: [B-G473E-ZEST1S, B-WB1M-WPAN1, B-WL5M-SUBG1, NUCLEO-C031C6, NUCLEO-H503RB, NUCLEO-H563ZI, NUCLEO-U545RE-Q, NUCLEO-U5A5ZJ-Q, NUCLEO-WBA52CG, NUCLEO-WBA55CG, STEVAL-MKBOXPRO, STEVAL-PROTEUS1, STEVAL-STWINBX1, STM320518-EVAL, STM32C0116-DK, STM32C011D6Y3TR, STM32C011D6Y6TR, STM32C011F4P3, STM32C011F4P6, STM32C011F4U3, STM32C011F4U6TR, STM32C011F6P3, STM32C011F6P6, STM32C011F6U3, STM32C011F6U6TR, STM32C011J4M3, STM32C011J4M6, STM32C011J6M3, STM32C011J6M6, STM32C0316-DK, STM32C031C4T3, STM32C031C4T6, STM32C031C4U3, STM32C031C4U6, STM32C031C6T3, STM32C031C6T6, STM32C031C6U3, STM32C031C6U6, STM32C031F4P3, STM32C031F4P6, STM32C031F6P3, STM32C031F6P6, STM32C031G4U3, STM32C031G4U6, STM32C031G6U3, STM32C031G6U6, STM32C031K4T3, STM32C031K4T6, STM32C031K4U3, STM32C031K4U6, STM32C031K6T3, STM32C031K6T6, STM32C031K6U3, STM32C031K6U6, STM32G071K8TXN, STM32G071K8UXN, STM32G081GBU6N, STM32G081KBT6N, STM32G081KBUXN, STM32G0B1CCT6N, STM32G0B1KCT6, STM32G0B1NEY6TR, STM32G0B1RCT6N, STM32G0C1CCT6, STM32G0C1CCT6N, STM32G0C1CCU6N, STM32G0C1CET6N, STM32G0C1CEU6N, STM32G0C1KCT6, STM32G0C1NEY6TR, STM32G0C1RCI6N, STM32G0C1RCT6N, STM32G0C1REI6N, STM32G0C1RET6N, STM32G0C1VCI6, STM32G0C1VEI6, STM32G471CCT6, STM32G471CCU6, STM32G471CET3, STM32G471CET6, STM32G471CEU3, STM32G471CEU6, STM32G471MCT6, STM32G471MET3, STM32G471MET6, STM32G471MEY6TR, STM32G471QCT6, STM32G471QET3, STM32G471RCT6, STM32G471RET3, STM32G471RET6, STM32G471VCH6, STM32G471VCI6, STM32G471VCT6, STM32G471VEH3, STM32G471VEH6, STM32G471VEI3, STM32G471VEI6, STM32G471VET3, STM32G471VET6, STM32G474CCT6, STM32H503CBT6, STM32H503CBU6, STM32H503EBY6TR, STM32H503KBU6, STM32H503RBT6, STM32H562AGI6, STM32H562AII6, STM32H562IGK6, STM32H562IGT6, STM32H562IIK6, STM32H562IIT6, STM32H562RGT6, STM32H562RGV6, STM32H562RIT6, STM32H562RIV6, STM32H562VGT6, STM32H562VIT6, STM32H562ZGT6, STM32H562ZIT6, STM32H563AGI6, STM32H563AII3Q, STM32H563AII6, STM32H563IGK6, STM32H563IGT6, STM32H563IIK3Q, STM32H563IIK6, STM32H563IIT3Q, STM32H563IIT6, STM32H563MIY3QTR, STM32H563RGT6, STM32H563RGV6, STM32H563RIT6, STM32H563RIV6, STM32H563VGT6, STM32H563VIT3Q, STM32H563VIT6, STM32H563ZGT6, STM32H563ZIT3Q, STM32H563ZIT6, STM32H573AII3Q, STM32H573AII6, STM32H573I-DK, STM32H573IIK3Q, STM32H573IIK6, STM32H573IIT3Q, STM32H573IIT6, STM32H573MIY3QTR, STM32H573RIT6, STM32H573RIV6, STM32H573VIT3Q, STM32H573VIT6, STM32H573ZIT3Q, STM32H573ZIT6, STM32L4R5QGI6STR, STM32MP131AAE3, STM32MP131AAF3, STM32MP131AAG3, STM32MP131CAE3, STM32MP131CAF3, STM32MP131CAG3, STM32MP131DAE7, STM32MP131DAF7, STM32MP131DAG7, STM32MP131FAE7, STM32MP131FAF7, STM32MP131FAG7, STM32MP133AAE3, STM32MP133AAF3, STM32MP133AAG3, STM32MP133CAE3, STM32MP133CAF3, STM32MP133CAG3, STM32MP133DAE7, STM32MP133DAF7, STM32MP133DAG7, STM32MP133FAE7, STM32MP133FAF7, STM32MP133FAG7, STM32MP135AAE3, STM32MP135AAF3, STM32MP135AAG3, STM32MP135CAE3, STM32MP135CAF3, STM32MP135CAG3, STM32MP135DAE7, STM32MP135DAF7, STM32MP135DAG7, STM32MP135F-DK, STM32MP135FAE7, STM32MP135FAF7, STM32MP135FAF7T, STM32MP135FAF7U, STM32MP135FAG7, STM32U535CBT6, STM32U535CBT6Q, STM32U535CBU6, STM32U535CBU6Q, STM32U535CCT6, STM32U535CCT6Q, STM32U535CCU6, STM32U535CCU6Q, STM32U535CET6, STM32U535CET6Q, STM32U535CEU6, STM32U535CEU6Q, STM32U535JEY6QTR, STM32U535NCY6QTR, STM32U535NEY6QTR, STM32U535RBI6, STM32U535RBI6Q, STM32U535RBT6, STM32U535RBT6Q, STM32U535RCI6, STM32U535RCI6Q, STM32U535RCT6, STM32U535RCT6Q, STM32U535REI6, STM32U535REI6Q, STM32U535RET6, STM32U535RET6Q, STM32U535VCI6, STM32U535VCI6Q, STM32U535VCT6, STM32U535VCT6Q, STM32U535VEI6, STM32U535VEI6Q, STM32U535VET6, STM32U535VET6Q, STM32U545CET6, STM32U545CET6Q, STM32U545CEU6, STM32U545CEU6Q, STM32U545JEY6QTR, STM32U545NEY6QTR, STM32U545REI6, STM32U545REI6Q, STM32U545RET6, STM32U545RET6Q, STM32U545VEI6, STM32U545VEI6Q, STM32U545VET6, STM32U545VET6Q, STM32U595AIH6, STM32U595AIH6Q, STM32U595AJH6, STM32U595AJH6Q, STM32U595QII6, STM32U595QII6Q, STM32U595QJI6, STM32U595QJI6Q, STM32U595RIT6, STM32U595RIT6Q, STM32U595RJT6, STM32U595RJT6Q, STM32U595VIT6, STM32U595VIT6Q, STM32U595VJT6, STM32U595VJT6Q, STM32U595ZIT6, STM32U595ZIT6Q, STM32U595ZIY6QTR, STM32U595ZJT6, STM32U595ZJT6Q, STM32U595ZJY6QTR, STM32U599BJY6QTR, STM32U599NIH6Q, STM32U599NJH6Q, STM32U599VIT6Q, STM32U599VJT6, STM32U599VJT6Q, STM32U599ZIT6Q, STM32U599ZIY6QTR, STM32U599ZJT6Q, STM32U599ZJY6QTR, STM32U5A5AJH6, STM32U5A5AJH6Q, STM32U5A5QJI6, STM32U5A5QJI6Q, STM32U5A5RJT6, STM32U5A5RJT6Q, STM32U5A5VJT6, STM32U5A5VJT6Q, STM32U5A5ZJT6, STM32U5A5ZJT6Q, STM32U5A5ZJY6QTR, STM32U5A9BJY6QTR, STM32U5A9J-DK, STM32U5A9NJH6Q, STM32U5A9VJT6Q, STM32U5A9ZJT6Q, STM32U5A9ZJY6QTR, STM32U5F7VIT6, STM32U5F7VIT6Q, STM32U5F7VJT6, STM32U5F7VJT6Q, STM32U5F9BJY6QTR, STM32U5F9NJH6Q, STM32U5F9VIT6Q, STM32U5F9VJT6Q, STM32U5F9ZIJ6QTR, STM32U5F9ZIT6Q, STM32U5F9ZJJ6QTR, STM32U5F9ZJT6Q, STM32U5G7VJT6, STM32U5G7VJT6Q, STM32U5G9BJY6QTR, STM32U5G9J-DK1, STM32U5G9J-DK2, STM32U5G9NJH6Q, STM32U5G9VJT6Q, STM32U5G9ZJJ6QTR, STM32U5G9ZJT6Q, STM32WB1MMCH6, STM32WBA50KEU6, STM32WBA50KEU6TR, STM32WBA50KGU6, STM32WBA50KGU6TR, STM32WBA52CEU6, STM32WBA52CEU6TR, STM32WBA52CEU7, STM32WBA52CEU7TR, STM32WBA52CGU6, STM32WBA52CGU6TR, STM32WBA52CGU6U, STM32WBA52CGU7, STM32WBA52CGU7TR, STM32WBA52KEU6, STM32WBA52KEU6TR, STM32WBA52KGU6, STM32WBA52KGU6TR, STM32WBA54CEU6, STM32WBA54CEU6TR, STM32WBA54CEU7, STM32WBA54CEU7TR, STM32WBA54CGU6, STM32WBA54CGU6TR, STM32WBA54CGU7, STM32WBA54CGU7TR, STM32WBA54KEU6, STM32WBA54KEU6TR, STM32WBA54KEU7, STM32WBA54KEU7TR, STM32WBA54KGU6, STM32WBA54KGU6TR, STM32WBA54KGU7, STM32WBA54KGU7TR, STM32WBA55CEU6, STM32WBA55CEU6TR, STM32WBA55CEU7, STM32WBA55CEU7TR, STM32WBA55CGU6, STM32WBA55CGU6TR, STM32WBA55CGU6U, STM32WBA55CGU7, STM32WBA55CGU7TR, STM32WBA55G-DK1, STM32WBA55HEF6, STM32WBA55HEF7, STM32WBA55HGF6, STM32WBA55HGF7, STM32WBA55UEI6, STM32WBA55UEI6TR, STM32WBA55UEI7, STM32WBA55UEI7TR, STM32WBA55UGI6, STM32WBA55UGI6TR, STM32WBA55UGI7, STM32WBA55UGI7TR, STM32WL5MOCH6, STM32WL5MOCH6TR]
2024-07-18 08:49:29,700 [INFO] DbMcus:218 - Found 4203 MCUs, 4203 are supported
2024-07-18 08:49:29,701 [INFO] ApiDb:423 - Load user favorites file C:\Users\ACER/.stm32cubeide/favorites.mcus.txt: 0 item(s)
2024-07-18 08:49:29,701 [INFO] ApiDb:427 - User favorites MCUs=[]
2024-07-18 08:49:29,701 [INFO] DbMcus:224 - Set 0 / 0 favorites MCUs
2024-07-18 08:49:30,960 [INFO] MicroXplorer:468 - Change Database Path : 
2024-07-18 08:49:30,964 [INFO] MicroXplorer:498 - Change Database Version : DB.6.0.100
2024-07-18 08:49:30,968 [WARN] ThirdParty:833 - waiting for thirdparty lock release [change project]
2024-07-18 08:49:30,969 [INFO] ThirdParty:835 - entering critical section [change project]
2024-07-18 08:49:30,969 [INFO] ThirdParty:1030 - CMSIS Pack Vendor :STMicroelectronics X-CUBE-ISPU 1.1.0
2024-07-18 08:49:30,970 [INFO] ThirdParty:1030 - CMSIS Pack Vendor :STMicroelectronics USBPD 4.1
2024-07-18 08:49:30,970 [INFO] ThirdParty:1030 - CMSIS Pack Vendor :STMicroelectronics X-CUBE-GNSS1 6.0.0
2024-07-18 08:49:30,970 [INFO] ThirdParty:1030 - CMSIS Pack Vendor :STMicroelectronics USB_HOST 2.0.0
2024-07-18 08:49:30,970 [INFO] ThirdParty:1030 - CMSIS Pack Vendor :STMicroelectronics FP-SNS-MOTENVWB1 1.4.0
2024-07-18 08:49:30,970 [INFO] ThirdParty:1030 - CMSIS Pack Vendor :STMicroelectronics X-CUBE-AZRTOS-F4 1.1.0
2024-07-18 08:49:30,970 [INFO] ThirdParty:1030 - CMSIS Pack Vendor :STMicroelectronics LIBJPEG 8.0.0
2024-07-18 08:49:30,970 [INFO] ThirdParty:1030 - CMSIS Pack Vendor :STMicroelectronics X-CUBE-SMBUS 2.1.0
2024-07-18 08:49:30,970 [INFO] ThirdParty:1030 - CMSIS Pack Vendor :STMicroelectronics USB_DEVICE 3.0.0
2024-07-18 08:49:30,970 [INFO] ThirdParty:1030 - CMSIS Pack Vendor :STMicroelectronics X-CUBE-TCPP 4.1.0
2024-07-18 08:49:30,970 [INFO] ThirdParty:1030 - CMSIS Pack Vendor :STMicroelectronics X-CUBE-FREERTOS 1.2.0
2024-07-18 08:49:30,970 [INFO] ThirdParty:1030 - CMSIS Pack Vendor :STMicroelectronics X-CUBE-AZRTOS-WB 2.0.0
2024-07-18 08:49:30,970 [INFO] ThirdParty:1030 - CMSIS Pack Vendor :STMicroelectronics X-CUBE-FREERTOS 1.0.1
2024-07-18 08:49:30,970 [INFO] ThirdParty:1030 - CMSIS Pack Vendor :STMicroelectronics X-CUBE-TOUCHGFX 4.23.0
2024-07-18 08:49:30,970 [INFO] ThirdParty:1030 - CMSIS Pack Vendor :STMicroelectronics X-CUBE-TOUCHGFX 4.23.2
2024-07-18 08:49:30,970 [INFO] ThirdParty:1030 - CMSIS Pack Vendor :STMicroelectronics X-CUBE-AZRTOS-F7 1.1.0
2024-07-18 08:49:30,970 [INFO] ThirdParty:1030 - CMSIS Pack Vendor :STMicroelectronics X-CUBE-AZRTOS-L5 2.0.0
2024-07-18 08:49:30,970 [INFO] ThirdParty:1030 - CMSIS Pack Vendor :STMicroelectronics USB_DEVICE 2.0.0
2024-07-18 08:49:30,970 [INFO] ThirdParty:1030 - CMSIS Pack Vendor :STMicroelectronics X-CUBE-MEMS1 9.6.0
2024-07-18 08:49:30,970 [INFO] ThirdParty:1030 - CMSIS Pack Vendor :STMicroelectronics X-CUBE-EEPRMA1 4.2.0
2024-07-18 08:49:30,970 [INFO] ThirdParty:1030 - CMSIS Pack Vendor :STMicroelectronics X-CUBE-NFC6 3.1.0
2024-07-18 08:49:30,970 [INFO] ThirdParty:1030 - CMSIS Pack Vendor :STMicroelectronics FP-SNS-MOTENV1 4.3.2
2024-07-18 08:49:30,970 [INFO] ThirdParty:1030 - CMSIS Pack Vendor :STMicroelectronics X-CUBE-ALGOBUILD 1.3.0
2024-07-18 08:49:30,971 [INFO] ThirdParty:1030 - CMSIS Pack Vendor :STMicroelectronics X-CUBE-BLE1 6.2.4
2024-07-18 08:49:30,971 [INFO] ThirdParty:1030 - CMSIS Pack Vendor :STMicroelectronics X-CUBE-AZRTOS-L5 1.1.0
2024-07-18 08:49:30,971 [INFO] ThirdParty:1030 - CMSIS Pack Vendor :STMicroelectronics FreeRTOS 0.0.1
2024-07-18 08:49:30,971 [INFO] ThirdParty:1030 - CMSIS Pack Vendor :STMicroelectronics X-CUBE-AZRTOS-G0 1.1.0
2024-07-18 08:49:30,971 [INFO] ThirdParty:1030 - CMSIS Pack Vendor :STMicroelectronics X-CUBE-BLEMGR 2.0.0
2024-07-18 08:49:30,971 [INFO] ThirdParty:1030 - CMSIS Pack Vendor :STMicroelectronics X-CUBE-AI 8.0.1
2024-07-18 08:49:30,971 [INFO] ThirdParty:1030 - CMSIS Pack Vendor :STMicroelectronics X-CUBE-SAFEA1 1.2.2
2024-07-18 08:49:30,971 [INFO] ThirdParty:1030 - CMSIS Pack Vendor :STMicroelectronics X-CUBE-NFC4 3.0.0
2024-07-18 08:49:30,971 [INFO] ThirdParty:1030 - CMSIS Pack Vendor :STMicroelectronics X-CUBE-DPower 1.2.0
2024-07-18 08:49:30,971 [INFO] ThirdParty:1030 - CMSIS Pack Vendor :STMicroelectronics X-CUBE-SUBG2 5.0.0
2024-07-18 08:49:30,971 [INFO] ThirdParty:1030 - CMSIS Pack Vendor :STMicroelectronics STM32_WPAN 1.0.0
2024-07-18 08:49:30,971 [INFO] ThirdParty:1030 - CMSIS Pack Vendor :wolfSSL I-CUBE-wolfMQTT 1.18.0
2024-07-18 08:49:30,971 [INFO] ThirdParty:1030 - CMSIS Pack Vendor :EmbeddedOffice I-CUBE-FS-RTOS 1.0.1
2024-07-18 08:49:30,971 [INFO] ThirdParty:1030 - CMSIS Pack Vendor :STMicroelectronics lwIP 2.0.3
2024-07-18 08:49:30,971 [INFO] ThirdParty:1030 - CMSIS Pack Vendor :STMicroelectronics USB_HOST 1.0.0
2024-07-18 08:49:30,978 [INFO] ThirdParty:1030 - CMSIS Pack Vendor :STMicroelectronics X-CUBE-TOF1 3.3.1
2024-07-18 08:49:30,980 [INFO] ThirdParty:1030 - CMSIS Pack Vendor :STMicroelectronics X-CUBE-AI 9.0.0
2024-07-18 08:49:30,981 [INFO] ThirdParty:1030 - CMSIS Pack Vendor :STMicroelectronics X-CUBE-AZRTOS-G4 2.0.0
2024-07-18 08:49:30,981 [INFO] ThirdParty:1030 - CMSIS Pack Vendor :STMicroelectronics PDM2PCM 3.1.0
2024-07-18 08:49:30,981 [INFO] ThirdParty:1030 - CMSIS Pack Vendor :STMicroelectronics X-CUBE-AZRTOS-H7 3.1.0
2024-07-18 08:49:30,981 [INFO] ThirdParty:1030 - CMSIS Pack Vendor :Infineon AIROC-Wi-Fi-Bluetooth-STM32 1.5.1
2024-07-18 08:49:30,981 [INFO] ThirdParty:1030 - CMSIS Pack Vendor :STMicroelectronics X-CUBE-BLEMGR 3.0.0
2024-07-18 08:49:30,982 [INFO] ThirdParty:1030 - CMSIS Pack Vendor :STMicroelectronics PDM2PCM 3.3.0
2024-07-18 08:49:30,982 [INFO] ThirdParty:1030 - CMSIS Pack Vendor :STMicroelectronics X-CUBE-DISPLAY 3.0.0
2024-07-18 08:49:30,982 [INFO] ThirdParty:1030 - CMSIS Pack Vendor :RealThread X-CUBE-RT-Thread_Nano 4.1.1
2024-07-18 08:49:30,982 [INFO] ThirdParty:1030 - CMSIS Pack Vendor :STMicroelectronics FP-SNS-MOTENVWB1 1.3.1
2024-07-18 08:49:30,982 [INFO] ThirdParty:1030 - CMSIS Pack Vendor :STMicroelectronics X-CUBE-BLE1 7.0.0
2024-07-18 08:49:30,982 [INFO] ThirdParty:1030 - CMSIS Pack Vendor :STMicroelectronics FP-ATR-SIGFOX1 3.2.0
2024-07-18 08:49:30,982 [INFO] ThirdParty:1030 - CMSIS Pack Vendor :STMicroelectronics X-CUBE-EEPRMA1 5.1.0
2024-07-18 08:49:30,982 [INFO] ThirdParty:1030 - CMSIS Pack Vendor :STMicroelectronics HAL Drivers 0.0.0
2024-07-18 08:49:30,982 [INFO] ThirdParty:1030 - CMSIS Pack Vendor :STMicroelectronics MBEDTLS 2.16.2
2024-07-18 08:49:30,982 [INFO] ThirdParty:1030 - CMSIS Pack Vendor :STMicroelectronics X-CUBE-ALS 1.0.2
2024-07-18 08:49:30,982 [INFO] ThirdParty:1030 - CMSIS Pack Vendor :emotas I-CUBE-CANOPEN 1.3.0
2024-07-18 08:49:30,982 [INFO] ThirdParty:1030 - CMSIS Pack Vendor :STMicroelectronics X-CUBE-FREERTOS 1.1.0
2024-07-18 08:49:30,982 [INFO] ThirdParty:1030 - CMSIS Pack Vendor :STMicroelectronics X-CUBE-TOUCHGFX 4.22.0
2024-07-18 08:49:30,982 [INFO] ThirdParty:1030 - CMSIS Pack Vendor :STMicroelectronics X-CUBE-NFC7 1.0.1
2024-07-18 08:49:30,982 [INFO] ThirdParty:1030 - CMSIS Pack Vendor :STMicroelectronics MBEDTLS 2.14.1
2024-07-18 08:49:30,982 [INFO] ThirdParty:1030 - CMSIS Pack Vendor :STMicroelectronics X-CUBE-TOUCHGFX 4.24.0
2024-07-18 08:49:30,982 [INFO] ThirdParty:1030 - CMSIS Pack Vendor :wolfSSL I-CUBE-wolfTPM 3.2.0
2024-07-18 08:49:30,983 [INFO] ThirdParty:1030 - CMSIS Pack Vendor :STMicroelectronics X-CUBE-NFC6 3.0.0
2024-07-18 08:49:30,983 [INFO] ThirdParty:1030 - CMSIS Pack Vendor :STMicroelectronics X-CUBE-EEPRMA1 4.1.0
2024-07-18 08:49:30,983 [INFO] ThirdParty:1030 - CMSIS Pack Vendor :portGmbH I-Cube-SoM-uGOAL 1.1.0
2024-07-18 08:49:30,983 [INFO] ThirdParty:1030 - CMSIS Pack Vendor :STMicroelectronics X-CUBE-ALS 1.0.1
2024-07-18 08:49:30,983 [INFO] ThirdParty:1030 - CMSIS Pack Vendor :STMicroelectronics X-CUBE-BLEMGR 3.1.0
2024-07-18 08:49:30,983 [INFO] ThirdParty:1030 - CMSIS Pack Vendor :STMicroelectronics ThreadX 1.0.0
2024-07-18 08:49:30,983 [INFO] ThirdParty:1030 - CMSIS Pack Vendor :STMicroelectronics X-CUBE-AZRTOS-WB 1.1.0
2024-07-18 08:49:30,983 [INFO] ThirdParty:1030 - CMSIS Pack Vendor :STMicroelectronics X-CUBE-AZRTOS-WL 2.0.0
2024-07-18 08:49:30,983 [INFO] ThirdParty:1030 - CMSIS Pack Vendor :SEGGER I-CUBE-embOS 1.3.1
2024-07-18 08:49:30,984 [INFO] ThirdParty:1030 - CMSIS Pack Vendor :STMicroelectronics X-CUBE-ALGOBUILD 1.4.0
2024-07-18 08:49:30,984 [INFO] ThirdParty:1030 - CMSIS Pack Vendor :STMicroelectronics FP-SNS-MOTENV1 5.0.0
2024-07-18 08:49:30,984 [INFO] ThirdParty:1030 - CMSIS Pack Vendor :STMicroelectronics USB_DEVICE 1.0.0
2024-07-18 08:49:30,984 [INFO] ThirdParty:1030 - CMSIS Pack Vendor :STMicroelectronics X-CUBE-AI 8.1.0
2024-07-18 08:49:30,984 [INFO] ThirdParty:1030 - CMSIS Pack Vendor :STMicroelectronics X-CUBE-AZRTOS-H7RS 1.0.0
2024-07-18 08:49:30,984 [INFO] ThirdParty:1030 - CMSIS Pack Vendor :wolfSSL I-CUBE-wolfMQTT 1.19.0
2024-07-18 08:49:30,984 [INFO] ThirdParty:1030 - CMSIS Pack Vendor :STMicroelectronics X-CUBE-AZRTOS-L4 2.0.0
2024-07-18 08:49:30,984 [INFO] ThirdParty:1030 - CMSIS Pack Vendor :STMicroelectronics ThreadX 0.0.2
2024-07-18 08:49:30,985 [INFO] ThirdParty:1030 - CMSIS Pack Vendor :WES I-CUBE-Cesium 1.3.0
2024-07-18 08:49:30,985 [INFO] ThirdParty:1030 - CMSIS Pack Vendor :STMicroelectronics FP-ATR-ASTRA1 2.0.0
2024-07-18 08:49:30,985 [INFO] ThirdParty:1030 - CMSIS Pack Vendor :STMicroelectronics lwIP 2.1.2
2024-07-18 08:49:30,985 [INFO] ThirdParty:1030 - CMSIS Pack Vendor :STMicroelectronics X-CUBE-SFXS2LP1 4.0.0
2024-07-18 08:49:30,985 [INFO] ThirdParty:1030 - CMSIS Pack Vendor :STMicroelectronics X-CUBE-BLE2 3.3.0
2024-07-18 08:49:30,985 [INFO] ThirdParty:1030 - CMSIS Pack Vendor :STMicroelectronics X-CUBE-TOF1 3.4.0
2024-07-18 08:49:30,985 [INFO] ThirdParty:1030 - CMSIS Pack Vendor :STMicroelectronics X-CUBE-TOF1 3.4.1
2024-07-18 08:49:30,985 [INFO] ThirdParty:1030 - CMSIS Pack Vendor :STMicroelectronics PDM2PCM 3.2.0
2024-07-18 08:49:30,985 [INFO] ThirdParty:1030 - CMSIS Pack Vendor :wolfSSL I-CUBE-wolfSSH 1.4.17
2024-07-18 08:49:30,985 [INFO] ThirdParty:841 - exiting critical section [change project]
2024-07-18 08:49:32,350 [INFO] PinOutPanel:1499 - setPackage(No Configuration,No Configuration)
2024-07-18 08:49:32,356 [INFO] PinOutPanel:1499 - setPackage(STM32F103C8Tx,LQFP48)
2024-07-18 08:49:33,931 [INFO] UtilMem:75 - Before build in PCC Used Memory: 565513912 Bytes (775946240)
2024-07-18 08:49:37,089 [INFO] UtilMem:75 - After build in PCC Used Memory: 522533072 Bytes (775946240)
2024-07-18 08:49:37,202 [INFO] IPUIPlugin:80 - create IPUIPlugin
2024-07-18 08:49:37,202 [INFO] IPUIPlugin:80 - create IPUIPlugin
2024-07-18 08:49:37,202 [INFO] IPUIPlugin:80 - create IPUIPlugin
2024-07-18 08:49:37,203 [INFO] IPUIPlugin:80 - create IPUIPlugin
2024-07-18 08:49:37,206 [INFO] IPUIPlugin:80 - create IPUIPlugin
2024-07-18 08:49:37,208 [INFO] IPUIPlugin:80 - create IPUIPlugin
2024-07-18 08:49:37,210 [INFO] IPUIPlugin:80 - create IPUIPlugin
2024-07-18 08:49:37,211 [INFO] IPUIPlugin:80 - create IPUIPlugin
2024-07-18 08:49:37,212 [INFO] IPUIPlugin:80 - create IPUIPlugin
2024-07-18 08:49:37,213 [INFO] IPUIPlugin:80 - create IPUIPlugin
2024-07-18 08:49:37,213 [INFO] IPUIPlugin:80 - create IPUIPlugin
2024-07-18 08:49:37,213 [INFO] IPUIPlugin:80 - create IPUIPlugin
2024-07-18 08:49:37,213 [INFO] IPUIPlugin:80 - create IPUIPlugin
2024-07-18 08:49:37,214 [INFO] IPUIPlugin:80 - create IPUIPlugin
2024-07-18 08:49:37,214 [INFO] IPUIPlugin:80 - create IPUIPlugin
2024-07-18 08:49:37,214 [INFO] IPUIPlugin:80 - create IPUIPlugin
2024-07-18 08:49:37,214 [INFO] IPUIPlugin:80 - create IPUIPlugin
2024-07-18 08:49:37,214 [INFO] IPUIPlugin:80 - create IPUIPlugin
2024-07-18 08:49:37,215 [INFO] IPUIPlugin:80 - create IPUIPlugin
2024-07-18 08:49:37,215 [INFO] IPUIPlugin:80 - create IPUIPlugin
2024-07-18 08:49:37,215 [INFO] IPUIPlugin:80 - create IPUIPlugin
2024-07-18 08:49:37,216 [INFO] IPUIPlugin:80 - create IPUIPlugin
2024-07-18 08:49:37,217 [INFO] IPUIPlugin:80 - create IPUIPlugin
2024-07-18 08:49:37,217 [INFO] IPUIPlugin:80 - create IPUIPlugin
2024-07-18 08:49:37,217 [INFO] IPUIPlugin:80 - create IPUIPlugin
2024-07-18 08:49:37,218 [INFO] IPUIPlugin:80 - create IPUIPlugin
2024-07-18 08:49:37,218 [INFO] IPUIPlugin:80 - create IPUIPlugin
2024-07-18 08:49:37,262 [WARN] IP:2119 - I2C_Coeff_DF not found: check if there is a RefParameter without a condition.
2024-07-18 08:49:37,262 [WARN] IP:2119 - Analog_Filter not found: check if there is a RefParameter without a condition.
2024-07-18 08:49:38,154 [INFO] CADModel:165 - CPN selected for project levelSTM32F103C8T6
2024-07-18 08:49:38,156 [INFO] CADModel:114 - Register for checkConnection events
2024-07-18 08:49:38,214 [INFO] OpenFileManager:343 - Restore cursor
2024-07-18 08:49:38,834 [WARN] IP:2119 - I2C_Coeff_DF not found: check if there is a RefParameter without a condition.
2024-07-18 08:49:38,834 [WARN] IP:2119 - Analog_Filter not found: check if there is a RefParameter without a condition.
2024-07-18 08:49:38,835 [WARN] IP:2119 - I2C_Coeff_DF not found: check if there is a RefParameter without a condition.
2024-07-18 08:49:38,835 [WARN] IP:2119 - Analog_Filter not found: check if there is a RefParameter without a condition.
